0 info it worked if it ends with ok
1 verbose cli [ '/usr/local/nvm/versions/node/v0.12.4/bin/node',
1 verbose cli   '/usr/local/nvm/versions/node/v0.12.4/bin/npm',
1 verbose cli   'install',
1 verbose cli   'normalize.css' ]
2 info using npm@2.10.1
3 info using node@v0.12.4
4 verbose install initial load of /home/inet2005/code/php/inet2005-fh/Portfolio/css/package.json
5 verbose readDependencies loading dependencies from /home/inet2005/code/php/inet2005-fh/Portfolio/css/package.json
6 silly cache add args [ 'normalize.css', null ]
7 verbose cache add spec normalize.css
8 silly cache add parsed spec { raw: 'normalize.css',
8 silly cache add   scope: null,
8 silly cache add   name: null,
8 silly cache add   rawSpec: 'normalize.css',
8 silly cache add   spec: '/home/inet2005/code/php/inet2005-fh/Portfolio/css/normalize.css',
8 silly cache add   type: 'local' }
9 silly addLocalTarball shasum (computed) 58801e3391955d7ee7d51ba293351c3176f5b682
10 verbose addTmpTarball /home/inet2005/code/php/inet2005-fh/Portfolio/css/normalize.css not in flight; adding
11 verbose addTmpTarball validating metadata from /home/inet2005/code/php/inet2005-fh/Portfolio/css/normalize.css
12 verbose tar unpack /home/inet2005/code/php/inet2005-fh/Portfolio/css/normalize.css
13 verbose tar unpacking to /tmp/npm-7279-e62c0506/unpack-9184e2d78081
14 silly gentlyRm /tmp/npm-7279-e62c0506/unpack-9184e2d78081 is being purged
15 verbose gentlyRm don't care about contents; nuking /tmp/npm-7279-e62c0506/unpack-9184e2d78081
16 silly gunzTarPerm modes [ '775', '664' ]
17 error not a package /home/inet2005/code/php/inet2005-fh/Portfolio/css/normalize.css
18 error addLocal Could not install /home/inet2005/code/php/inet2005-fh/Portfolio/css/normalize.css
19 verbose stack Error: ENOENT, open '/tmp/npm-7279-e62c0506/unpack-9184e2d78081/package.json'
19 verbose stack     at Error (native)
20 verbose cwd /home/inet2005/code/php/inet2005-fh/Portfolio/css
21 error Linux 3.10.0-229.20.1.el7.x86_64
22 error argv "/usr/local/nvm/versions/node/v0.12.4/bin/node" "/usr/local/nvm/versions/node/v0.12.4/bin/npm" "install" "normalize.css"
23 error node v0.12.4
24 error npm  v2.10.1
25 error path /tmp/npm-7279-e62c0506/unpack-9184e2d78081/package.json
26 error code ENOENT
27 error errno -2
28 error enoent ENOENT, open '/tmp/npm-7279-e62c0506/unpack-9184e2d78081/package.json'
28 error enoent This is most likely not a problem with npm itself
28 error enoent and is related to npm not being able to find a file.
29 verbose exit [ -2, true ]
